# Java VM: OpenJDK 64-Bit Server VM (17+35-LTS, mixed mode, sharing, tiered, compressed oops, compressed class ptrs, g1 gc, windows-amd64)
GC Precious Log:
 CPUs: 4 total, 4 available
 Memory: 8075M
 Large Page Support: Disabled
 NUMA Support: Disabled
 Compressed Oops: Enabled (32-bit)
 Heap Region Size: 1M
 Heap Min Capacity: 8M
 Heap Initial Capacity: 128M
 Heap Max Capacity: 2020M
 Pre-touch: Disabled
 Parallel Workers: 4
 Concurrent Workers: 1
 Concurrent Refinement Workers: 4
 Periodic GC: Disabled
Heap:
 garbage-first heap   total 109568K, used 53826K [0x0000000081c00000, 0x0000000100000000)
  region size 1024K, 16 young (16384K), 5 survivors (5120K)
 Metaspace       used 73582K, committed 74176K, reserved 1114112K
  class space    used 10093K, committed 10368K, reserved 1048576K
GC Heap History (20 events):
Event: 65.537 GC heap before
{Heap before GC invocations=9 (full 0):
 garbage-first heap   total 75776K, used 57258K [0x0000000081c00000, 0x0000000100000000)
  region size 1024K, 40 young (40960K), 3 survivors (3072K)
 Metaspace       used 24817K, committed 25216K, reserved 1073152K
  class space    used 3163K, committed 3328K, reserved 1048576K
}
Event: 65.549 GC heap after
{Heap after GC invocations=10 (full 0):
 garbage-first heap   total 139264K, used 21607K [0x0000000081c00000, 0x0000000100000000)
  region size 1024K, 3 young (3072K), 3 survivors (3072K)
 Metaspace       used 24817K, committed 25216K, reserved 1073152K
  class space    used 3163K, committed 3328K, reserved 1048576K
}
Event: 91.973 GC heap before
{Heap before GC invocations=10 (full 0):
 garbage-first heap   total 139264K, used 100455K [0x0000000081c00000, 0x0000000100000000)
  region size 1024K, 81 young (82944K), 3 survivors (3072K)
 Metaspace       used 28275K, committed 28672K, reserved 1081344K
  class space    used 3569K, committed 3776K, reserved 1048576K
}
Event: 91.998 GC heap after
{Heap after GC invocations=11 (full 0):
 garbage-first heap   total 139264K, used 25683K [0x0000000081c00000, 0x0000000100000000)
  region size 1024K, 7 young (7168K), 7 survivors (7168K)
 Metaspace       used 28275K, committed 28672K, reserved 1081344K
  class space    used 3569K, committed 3776K, reserved 1048576K
}
Event: 147.800 GC heap before
{Heap before GC invocations=11 (full 0):
 garbage-first heap   total 139264K, used 89171K [0x0000000081c00000, 0x0000000100000000)
  region size 1024K, 70 young (71680K), 7 survivors (7168K)
 Metaspace       used 35809K, committed 36160K, reserved 1081344K
  class space    used 4744K, committed 4928K, reserved 1048576K
}
Event: 147.845 GC heap after
{Heap after GC invocations=12 (full 0):
 garbage-first heap   total 139264K, used 29908K [0x0000000081c00000, 0x0000000100000000)
  region size 1024K, 9 young (9216K), 9 survivors (9216K)
 Metaspace       used 35809K, committed 36160K, reserved 1081344K
  class space    used 4744K, committed 4928K, reserved 1048576K
}
Event: 164.364 GC heap before
{Heap before GC invocations=13 (full 0):
 garbage-first heap   total 109568K, used 85204K [0x0000000081c00000, 0x0000000100000000)
  region size 1024K, 64 young (65536K), 9 survivors (9216K)
 Metaspace       used 38558K, committed 38976K, reserved 1089536K
  class space    used 5125K, committed 5312K, reserved 1048576K
}
Event: 164.426 GC heap after
{Heap after GC invocations=14 (full 0):
 garbage-first heap   total 109568K, used 31666K [0x0000000081c00000, 0x0000000100000000)
  region size 1024K, 3 young (3072K), 3 survivors (3072K)
 Metaspace       used 38558K, committed 38976K, reserved 1089536K
  class space    used 5125K, committed 5312K, reserved 1048576K
}
Event: 164.964 GC heap before
{Heap before GC invocations=14 (full 0):
 garbage-first heap   total 109568K, used 85938K [0x0000000081c00000, 0x0000000100000000)
  region size 1024K, 57 young (58368K), 3 survivors (3072K)
 Metaspace       used 38558K, committed 38976K, reserved 1089536K
  class space    used 5125K, committed 5312K, reserved 1048576K
}
Event: 164.977 GC heap after
{Heap after GC invocations=15 (full 0):
 garbage-first heap   total 109568K, used 31207K [0x0000000081c00000, 0x0000000100000000)
  region size 1024K, 2 young (2048K), 2 survivors (2048K)
 Metaspace       used 38558K, committed 38976K, reserved 1089536K
  class space    used 5125K, committed 5312K, reserved 1048576K
}
Event: 166.826 GC heap before
{Heap before GC invocations=15 (full 0):
 garbage-first heap   total 109568K, used 92647K [0x0000000081c00000, 0x0000000100000000)
  region size 1024K, 58 young (59392K), 2 survivors (2048K)
 Metaspace       used 38562K, committed 38976K, reserved 1089536K
  class space    used 5125K, committed 5312K, reserved 1048576K
}
Event: 166.844 GC heap after
{Heap after GC invocations=16 (full 0):
 garbage-first heap   total 109568K, used 37654K [0x0000000081c00000, 0x0000000100000000)
  region size 1024K, 6 young (6144K), 6 survivors (6144K)
 Metaspace       used 38562K, committed 38976K, reserved 1089536K
  class space    used 5125K, committed 5312K, reserved 1048576K
}
Event: 191.887 GC heap before
{Heap before GC invocations=16 (full 0):
 garbage-first heap   total 109568K, used 86806K [0x0000000081c00000, 0x0000000100000000)
  region size 1024K, 54 young (55296K), 6 survivors (6144K)
 Metaspace       used 41615K, committed 42112K, reserved 1089536K
  class space    used 5529K, committed 5760K, reserved 1048576K
}
Event: 191.913 GC heap after
{Heap after GC invocations=17 (full 0):
 garbage-first heap   total 109568K, used 35793K [0x0000000081c00000, 0x0000000100000000)
  region size 1024K, 5 young (5120K), 5 survivors (5120K)
 Metaspace       used 41615K, committed 42112K, reserved 1089536K
  class space    used 5529K, committed 5760K, reserved 1048576K
}
Event: 230.566 GC heap before
{Heap before GC invocations=17 (full 0):
 garbage-first heap   total 109568K, used 86993K [0x0000000081c00000, 0x0000000100000000)
  region size 1024K, 55 young (56320K), 5 survivors (5120K)
 Metaspace       used 55463K, committed 56000K, reserved 1097728K
  class space    used 7431K, committed 7680K, reserved 1048576K
}
Event: 230.605 GC heap after
{Heap after GC invocations=18 (full 0):
 garbage-first heap   total 109568K, used 39370K [0x0000000081c00000, 0x0000000100000000)
  region size 1024K, 6 young (6144K), 6 survivors (6144K)
 Metaspace       used 55463K, committed 56000K, reserved 1097728K
  class space    used 7431K, committed 7680K, reserved 1048576K
}
Event: 247.697 GC heap before
{Heap before GC invocations=18 (full 0):
 garbage-first heap   total 109568K, used 73162K [0x0000000081c00000, 0x0000000100000000)
  region size 1024K, 41 young (41984K), 6 survivors (6144K)
 Metaspace       used 59852K, committed 60416K, reserved 1105920K
  class space    used 8011K, committed 8320K, reserved 1048576K
}
Event: 247.728 GC heap after
{Heap after GC invocations=19 (full 0):
 garbage-first heap   total 109568K, used 40833K [0x0000000081c00000, 0x0000000100000000)
  region size 1024K, 5 young (5120K), 5 survivors (5120K)
 Metaspace       used 59852K, committed 60416K, reserved 1105920K
  class space    used 8011K, committed 8320K, reserved 1048576K
}
Event: 280.971 GC heap before
{Heap before GC invocations=20 (full 0):
 garbage-first heap   total 109568K, used 86913K [0x0000000081c00000, 0x0000000100000000)
  region size 1024K, 51 young (52224K), 5 survivors (5120K)
 Metaspace       used 71285K, committed 71872K, reserved 1114112K
  class space    used 9794K, committed 10112K, reserved 1048576K
}
Event: 281.005 GC heap after
{Heap after GC invocations=21 (full 0):
 garbage-first heap   total 109568K, used 43586K [0x0000000081c00000, 0x0000000100000000)
  region size 1024K, 5 young (5120K), 5 survivors (5120K)
 Metaspace       used 71285K, committed 71872K, reserved 1114112K
  class space    used 9794K, committed 10112K, reserved 1048576K
}

